<?xml version="1.0" encoding="UTF-8"?>
<!-- Generated by org.testng.reporters.JUnitXMLReporter -->
<testsuite ignored="0" hostname="SCRY" failures="0" tests="2" name="FlightBookingTest" time="18.103" errors="0" timestamp="2026-03-14T15:09:09 IST">
  <testcase classname="com.flightbooking.automation.tests.FlightBookingTest" name="bookFlightTest" time="4.734"/>
  <testcase classname="com.flightbooking.automation.tests.FlightBookingTest" name="bookFlightTest" time="4.341"/>
</testsuite> <!-- FlightBookingTest -->
