<?xml version="1.0" encoding="UTF-8"?>
<!-- Generated by org.testng.reporters.JUnitXMLReporter -->
<testsuite ignored="0" hostname="SCRY" failures="0" tests="2" name="FlightBookingTest" time="46.018" errors="0" timestamp="2026-03-09T17:05:10 IST">
  <testcase classname="com.flight.automation.tests.FlightBookingTest" name="bookFlightTest" time="8.013"/>
  <testcase classname="com.flight.automation.tests.FlightBookingTest" name="bookFlightTest" time="12.067"/>
</testsuite> <!-- FlightBookingTest -->
