<?xml version="1.0" encoding="UTF-8"?>
<testng-results ignored="0" total="2" passed="2" failed="0" skipped="0">
  <reporter-output>
  </reporter-output>
  <suite started-at="2026-03-14T15:08:51 IST" name="FlightBookingSuite" finished-at="2026-03-14T15:09:09 IST" duration-ms="18103">
    <groups>
    </groups>
    <test started-at="2026-03-14T15:08:51 IST" name="FlightBookingTest" finished-at="2026-03-14T15:09:09 IST" duration-ms="18103">
      <class name="com.flightbooking.automation.tests.FlightBookingTest">
        <test-method is-config="true" signature="setup()[pri:0, instance:com.flightbooking.automation.tests.FlightBookingTest@2a492f2a]" started-at="2026-03-14T15:08:52 IST" name="setup" finished-at="2026-03-14T15:08:56 IST" duration-ms="4320" status="PASS">
          <reporter-output>
          </reporter-output>
        </test-method> <!-- setup -->
        <test-method signature="bookFlightTest(java.lang.String,java.lang.String,java.lang.String,java.lang.String,java.lang.String,java.lang.String,java.lang.String,java.lang.String,java.lang.String,java.lang.String,java.lang.String)[pri:0, instance:com.flightbooking.automation.tests.FlightBookingTest@2a492f2a]" started-at="2026-03-14T15:08:56 IST" name="bookFlightTest" data-provider="excelData" finished-at="2026-03-14T15:09:01 IST" duration-ms="4734" status="PASS">
          <params>
            <param index="0">
              <value>
                <![CDATA[Boston]]>
              </value>
            </param>
            <param index="1">
              <value>
                <![CDATA[London]]>
              </value>
            </param>
            <param index="2">
              <value>
                <![CDATA[Sachin]]>
              </value>
            </param>
            <param index="3">
              <value>
                <![CDATA[Gautam Nagar]]>
              </value>
            </param>
            <param index="4">
              <value>
                <![CDATA[Bhopal]]>
              </value>
            </param>
            <param index="5">
              <value>
                <![CDATA[Madhya Pradesh]]>
              </value>
            </param>
            <param index="6">
              <value>
                <![CDATA[462023]]>
              </value>
            </param>
            <param index="7">
              <value>
                <![CDATA[1234567890123450]]>
              </value>
            </param>
            <param index="8">
              <value>
                <![CDATA[10]]>
              </value>
            </param>
            <param index="9">
              <value>
                <![CDATA[2028]]>
              </value>
            </param>
            <param index="10">
              <value>
                <![CDATA[Sachin Dhuriya]]>
              </value>
            </param>
          </params>
          <reporter-output>
          </reporter-output>
        </test-method> <!-- bookFlightTest -->
        <test-method is-config="true" signature="tearDown()[pri:0, instance:com.flightbooking.automation.tests.FlightBookingTest@2a492f2a]" started-at="2026-03-14T15:09:01 IST" name="tearDown" finished-at="2026-03-14T15:09:01 IST" duration-ms="296" status="PASS">
          <reporter-output>
          </reporter-output>
        </test-method> <!-- tearDown -->
        <test-method is-config="true" signature="setup()[pri:0, instance:com.flightbooking.automation.tests.FlightBookingTest@2a492f2a]" started-at="2026-03-14T15:09:01 IST" name="setup" finished-at="2026-03-14T15:09:04 IST" duration-ms="2706" status="PASS">
          <reporter-output>
          </reporter-output>
        </test-method> <!-- setup -->
        <test-method signature="bookFlightTest(java.lang.String,java.lang.String,java.lang.String,java.lang.String,java.lang.String,java.lang.String,java.lang.String,java.lang.String,java.lang.String,java.lang.String,java.lang.String)[pri:0, instance:com.flightbooking.automation.tests.FlightBookingTest@2a492f2a]" started-at="2026-03-14T15:09:04 IST" name="bookFlightTest" data-provider="excelData" finished-at="2026-03-14T15:09:08 IST" duration-ms="4341" status="PASS">
          <params>
            <param index="0">
              <value>
                <![CDATA[Paris]]>
              </value>
            </param>
            <param index="1">
              <value>
                <![CDATA[Rome]]>
              </value>
            </param>
            <param index="2">
              <value>
                <![CDATA[Amit]]>
              </value>
            </param>
            <param index="3">
              <value>
                <![CDATA[Indrapuri Sector-C]]>
              </value>
            </param>
            <param index="4">
              <value>
                <![CDATA[Bhopal]]>
              </value>
            </param>
            <param index="5">
              <value>
                <![CDATA[Madhya Pradesh]]>
              </value>
            </param>
            <param index="6">
              <value>
                <![CDATA[462021]]>
              </value>
            </param>
            <param index="7">
              <value>
                <![CDATA[9876543210123450]]>
              </value>
            </param>
            <param index="8">
              <value>
                <![CDATA[9]]>
              </value>
            </param>
            <param index="9">
              <value>
                <![CDATA[2029]]>
              </value>
            </param>
            <param index="10">
              <value>
                <![CDATA[Amit Kumar]]>
              </value>
            </param>
          </params>
          <reporter-output>
          </reporter-output>
        </test-method> <!-- bookFlightTest -->
        <test-method is-config="true" signature="tearDown()[pri:0, instance:com.flightbooking.automation.tests.FlightBookingTest@2a492f2a]" started-at="2026-03-14T15:09:09 IST" name="tearDown" finished-at="2026-03-14T15:09:09 IST" duration-ms="261" status="PASS">
          <reporter-output>
          </reporter-output>
        </test-method> <!-- tearDown -->
      </class> <!-- com.flightbooking.automation.tests.FlightBookingTest -->
    </test> <!-- FlightBookingTest -->
  </suite> <!-- FlightBookingSuite -->
</testng-results>
