<?xml version="1.0" encoding="UTF-8"?>
<!-- Generated by org.testng.reporters.JUnitReportReporter -->
<testsuite hostname="SCRY" failures="0" tests="2" name="com.flight.automation.tests.FlightBookingTest" time="45.147" errors="0" timestamp="2026-03-09T17:05:13 IST" skipped="0">
  <testcase classname="com.flight.automation.tests.FlightBookingTest" name="bookFlightTest" time="24.679"/>
  <testcase classname="com.flight.automation.tests.FlightBookingTest" name="bookFlightTest" time="20.468"/>
</testsuite> <!-- com.flight.automation.tests.FlightBookingTest -->
