<?xml version="1.0" encoding="UTF-8"?>
<!-- Generated by org.testng.reporters.JUnitReportReporter -->
<testsuite hostname="SCRY" failures="0" tests="2" name="com.flight.automation.tests.FlightBookingTest" time="21.741" errors="0" timestamp="2026-03-13T11:06:19 IST" skipped="0">
  <testcase classname="com.flight.automation.tests.FlightBookingTest" name="bookFlightTest" time="13.150"/>
  <testcase classname="com.flight.automation.tests.FlightBookingTest" name="bookFlightTest" time="8.591"/>
</testsuite> <!-- com.flight.automation.tests.FlightBookingTest -->
