<?xml version="1.0" encoding="UTF-8"?>
<!-- Generated by org.testng.reporters.JUnitReportReporter -->
<testsuite hostname="SCRY" failures="0" tests="2" name="com.flightbooking.automation.tests.FlightBookingTest" time="16.658" errors="0" timestamp="2026-03-14T15:09:09 IST" skipped="0">
  <testcase classname="com.flightbooking.automation.tests.FlightBookingTest" name="bookFlightTest" time="7.343"/>
  <testcase classname="com.flightbooking.automation.tests.FlightBookingTest" name="bookFlightTest" time="9.315"/>
</testsuite> <!-- com.flightbooking.automation.tests.FlightBookingTest -->
