<?xml version="1.0" encoding="UTF-8"?>
<!-- Generated by org.testng.reporters.JUnitReportReporter -->
<testsuite hostname="SCRY" failures="0" tests="2" name="com.capstone.tests.FlightBookingTest" time="16.876" errors="0" timestamp="2026-03-09T11:30:44 IST" skipped="0">
  <testcase classname="com.capstone.tests.FlightBookingTest" name="bookFlightTest" time="6.663"/>
  <testcase classname="com.capstone.tests.FlightBookingTest" name="bookFlightTest" time="10.213"/>
</testsuite> <!-- com.capstone.tests.FlightBookingTest -->
